生成启动时间为 2016/7/7 星期四 17:31:48。
     1>项目“E:\code_decodec\coding_decoding\coding_decoding\coding_decoding.vcxproj”在节点 2 上(build 个目标)。
     1>InitializeBuildStatus:
         正在创建“Debug\coding_decoding.unsuccessfulbuild”，因为已指定“AlwaysCreate”。
       ClCompile:
         所有输出均为最新。
         C:\Program Files (x86)\Microsoft Visual Studio 10.0\VC\bin\CL.exe /c /Iinclude /ZI /nologo /W3 /WX- /Od /Oy- /D WIN32 /D _DEBUG /D _CONSOLE /D _UNICODE /D UNICODE /Gm /EHsc /RTC1 /MDd /GS /fp:precise /Zc:wchar_t /Zc:forScope /Yu"StdAfx.h" /Fp"Debug\coding_decoding.pch" /Fo"Debug\\" /Fd"Debug\vc100.pdb" /Gd /TP /analyze- /errorReport:prompt coding_decoding.cpp
         coding_decoding.cpp
     1>e:\code_decodec\coding_decoding\coding_decoding\coding.h(19): warning C4996: 'AVStream::codec': 被声明为已否决
                 e:\code_decodec\coding_decoding\coding_decoding\include\libavformat\avformat.h(880) : 参见“AVStream::codec”的声明
     1>e:\code_decodec\coding_decoding\coding_decoding\coding.h(28): warning C4996: 'AVStream::codec': 被声明为已否决
                 e:\code_decodec\coding_decoding\coding_decoding\include\libavformat\avformat.h(880) : 参见“AVStream::codec”的声明
     1>e:\code_decodec\coding_decoding\coding_decoding\coding.h(48): warning C4996: 'AVStream::codec': 被声明为已否决
                 e:\code_decodec\coding_decoding\coding_decoding\include\libavformat\avformat.h(880) : 参见“AVStream::codec”的声明
     1>e:\code_decodec\coding_decoding\coding_decoding\coding.h(151): warning C4996: 'fopen': This function or variable may be unsafe. Consider using fopen_s instead. To disable deprecation, use _CRT_SECURE_NO_WARNINGS. See online help for details.
                 c:\program files (x86)\microsoft visual studio 10.0\vc\include\stdio.h(234) : 参见“fopen”的声明
     1>e:\code_decodec\coding_decoding\coding_decoding\coding.h(205): warning C4996: 'avpicture_get_size': 被声明为已否决
                 e:\code_decodec\coding_decoding\coding_decoding\include\libavcodec\avcodec.h(5381) : 参见“avpicture_get_size”的声明
     1>e:\code_decodec\coding_decoding\coding_decoding\coding.h(210): warning C4996: 'avpicture_fill': 被声明为已否决
                 e:\code_decodec\coding_decoding\coding_decoding\include\libavcodec\avcodec.h(5366) : 参见“avpicture_fill”的声明
     1>e:\code_decodec\coding_decoding\coding_decoding\coding.h(245): warning C4996: 'av_free_packet': 被声明为已否决
                 e:\code_decodec\coding_decoding\coding_decoding\include\libavcodec\avcodec.h(4395) : 参见“av_free_packet”的声明
     1>e:\code_decodec\coding_decoding\coding_decoding\coding.h(263): warning C4996: 'AVStream::codec': 被声明为已否决
                 e:\code_decodec\coding_decoding\coding_decoding\include\libavformat\avformat.h(880) : 参见“AVStream::codec”的声明
     1>e:\code_decodec\coding_decoding\coding_decoding\decoding.h(16): warning C4996: 'avcodec_decode_video2': 被声明为已否决
                 e:\code_decodec\coding_decoding\coding_decoding\include\libavcodec\avcodec.h(4734) : 参见“avcodec_decode_video2”的声明
     1>e:\code_decodec\coding_decoding\coding_decoding\decoding.h(58): warning C4018: “<”: 有符号/无符号不匹配
     1>e:\code_decodec\coding_decoding\coding_decoding\decoding.h(59): warning C4996: 'AVStream::codec': 被声明为已否决
                 e:\code_decodec\coding_decoding\coding_decoding\include\libavformat\avformat.h(880) : 参见“AVStream::codec”的声明
     1>e:\code_decodec\coding_decoding\coding_decoding\decoding.h(72): warning C4996: 'AVStream::codec': 被声明为已否决
                 e:\code_decodec\coding_decoding\coding_decoding\include\libavformat\avformat.h(880) : 参见“AVStream::codec”的声明
     1>e:\code_decodec\coding_decoding\coding_decoding\decoding.h(93): warning C4996: 'fopen': This function or variable may be unsafe. Consider using fopen_s instead. To disable deprecation, use _CRT_SECURE_NO_WARNINGS. See online help for details.
                 c:\program files (x86)\microsoft visual studio 10.0\vc\include\stdio.h(234) : 参见“fopen”的声明
     1>e:\code_decodec\coding_decoding\coding_decoding\decoding.h(96): warning C4996: 'AVStream::codec': 被声明为已否决
                 e:\code_decodec\coding_decoding\coding_decoding\include\libavformat\avformat.h(880) : 参见“AVStream::codec”的声明
     1>e:\code_decodec\coding_decoding\coding_decoding\decoding.h(96): warning C4996: 'AVStream::codec': 被声明为已否决
                 e:\code_decodec\coding_decoding\coding_decoding\include\libavformat\avformat.h(880) : 参见“AVStream::codec”的声明
     1>e:\code_decodec\coding_decoding\coding_decoding\decoding.h(106): warning C4996: 'avpicture_get_size': 被声明为已否决
                 e:\code_decodec\coding_decoding\coding_decoding\include\libavcodec\avcodec.h(5381) : 参见“avpicture_get_size”的声明
     1>e:\code_decodec\coding_decoding\coding_decoding\decoding.h(107): warning C4996: 'avpicture_fill': 被声明为已否决
                 e:\code_decodec\coding_decoding\coding_decoding\include\libavcodec\avcodec.h(5366) : 参见“avpicture_fill”的声明
     1>e:\code_decodec\coding_decoding\coding_decoding\decoding.h(125): warning C4996: 'fopen': This function or variable may be unsafe. Consider using fopen_s instead. To disable deprecation, use _CRT_SECURE_NO_WARNINGS. See online help for details.
                 c:\program files (x86)\microsoft visual studio 10.0\vc\include\stdio.h(234) : 参见“fopen”的声明
     1>e:\code_decodec\coding_decoding\coding_decoding\decoding.h(137): warning C4996: 'av_free_packet': 被声明为已否决
                 e:\code_decodec\coding_decoding\coding_decoding\include\libavcodec\avcodec.h(4395) : 参见“av_free_packet”的声明
     1>e:\code_decodec\coding_decoding\coding_decoding\decoding.h(147): warning C4996: 'av_free_packet': 被声明为已否决
                 e:\code_decodec\coding_decoding\coding_decoding\include\libavcodec\avcodec.h(4395) : 参见“av_free_packet”的声明
       ManifestResourceCompile:
         所有输出均为最新。
       Link:
         C:\Program Files (x86)\Microsoft Visual Studio 10.0\VC\bin\link.exe /ERRORREPORT:PROMPT /OUT:"E:\code_decodec\coding_decoding\Debug\coding_decoding.exe" /INCREMENTAL /NOLOGO /LIBPATH:lib avcodec.lib avfilter.lib avdevice.lib avformat.lib avutil.lib postproc.lib swresample.lib swscale.lib kernel32.lib user32.lib gdi32.lib winspool.lib comdlg32.lib advapi32.lib shell32.lib ole32.lib oleaut32.lib uuid.lib odbc32.lib odbccp32.lib /MANIFEST /ManifestFile:"Debug\coding_decoding.exe.intermediate.manifest" /MANIFESTUAC:"level='asInvoker' uiAccess='false'" /DEBUG /PDB:"E:\code_decodec\coding_decoding\Debug\coding_decoding.pdb" /SUBSYSTEM:CONSOLE /TLBID:1 /DYNAMICBASE /NXCOMPAT /IMPLIB:"E:\code_decodec\coding_decoding\Debug\coding_decoding.lib" /MACHINE:X86 Debug\coding_decoding.exe.embed.manifest.res
         Debug\coding_decoding.obj
         Debug\stdafx.obj
       Manifest:
         c:\Program Files (x86)\Microsoft SDKs\Windows\v7.0A\bin\mt.exe /nologo /verbose /out:"Debug\coding_decoding.exe.embed.manifest" /manifest Debug\coding_decoding.exe.intermediate.manifest
         所有输出均为最新。
       LinkEmbedManifest:
         所有输出均为最新。
         coding_decoding.vcxproj -> E:\code_decodec\coding_decoding\Debug\coding_decoding.exe
       FinalizeBuildStatus:
         正在删除文件“Debug\coding_decoding.unsuccessfulbuild”。
         正在对“Debug\coding_decoding.lastbuildstate”执行 Touch 任务。
     1>已完成生成项目“E:\code_decodec\coding_decoding\coding_decoding\coding_decoding.vcxproj”(build 个目标)的操作。

生成成功。

已用时间 00:00:00.64
